<component name="libraryTable">
  <library name="junit-4.13-rc-2">
    <CLASSES>
      <root url="jar://C:/Temp/junit-4.13-rc-2.jar!/" />
    </CLASSES>
    <JAVADOC />
    <SOURCES />
  </library>
</component>